{"contracts/interfaces/IERC20.sol":{"l":{},"path":"/Users/thomgabriel/Documents/PegasysV2/psys-token-v2/contracts/interfaces/IERC20.sol","s":{},"b":{},"f":{},"fnMap":{},"statementMap":{},"branchMap":{}},"contracts/interfaces/IERC20Detailed.sol":{"l":{},"path":"/Users/thomgabriel/Documents/PegasysV2/psys-token-v2/contracts/interfaces/IERC20Detailed.sol","s":{},"b":{},"f":{},"fnMap":{},"statementMap":{},"branchMap":{}},"contracts/interfaces/IGovernancePowerDelegationToken.sol":{"l":{},"path":"/Users/thomgabriel/Documents/PegasysV2/psys-token-v2/contracts/interfaces/IGovernancePowerDelegationToken.sol","s":{},"b":{},"f":{},"fnMap":{},"statementMap":{},"branchMap":{}},"contracts/interfaces/ITransferHook.sol":{"l":{},"path":"/Users/thomgabriel/Documents/PegasysV2/psys-token-v2/contracts/interfaces/ITransferHook.sol","s":{},"b":{},"f":{},"fnMap":{},"statementMap":{},"branchMap":{}},"contracts/token/base/GovernancePowerDelegationERC20.sol":{"l":{"37":2,"45":21,"46":20,"59":1,"61":1,"75":24,"81":24,"93":2,"99":2,"109":1,"122":48,"124":46,"126":46,"128":46,"130":46,"132":46,"133":46,"149":122,"150":26,"153":96,"159":96,"160":44,"161":44,"163":44,"164":41,"166":3,"169":44,"177":44,"179":96,"180":86,"181":86,"182":86,"183":8,"185":78,"188":86,"196":86,"213":26,"215":25,"217":25,"218":2,"222":23,"223":22,"227":1,"228":0,"231":1,"232":1,"233":1,"234":1,"235":1,"236":1,"237":0,"239":0,"241":1,"244":1,"277":130,"279":130,"280":130,"283":130,"287":0,"289":130,"290":130,"305":199,"307":199,"308":168,"311":31},"path":"/Users/thomgabriel/Documents/PegasysV2/psys-token-v2/contracts/token/base/GovernancePowerDelegationERC20.sol","s":{"1":2,"2":21,"3":20,"4":1,"5":1,"6":24,"7":24,"8":2,"9":2,"10":1,"11":48,"12":46,"13":46,"14":46,"15":46,"16":46,"17":122,"18":26,"19":96,"20":96,"21":44,"22":44,"23":44,"24":44,"25":44,"26":96,"27":86,"28":86,"29":86,"30":86,"31":86,"32":26,"33":25,"34":25,"35":2,"36":23,"37":22,"38":1,"39":0,"40":1,"41":1,"42":1,"43":1,"44":1,"45":1,"46":0,"47":1,"48":1,"49":130,"50":130,"51":130,"52":130,"53":199,"54":199,"55":168,"56":31},"b":{"1":[46,2],"2":[26,96],"3":[44,52],"4":[41,3],"5":[86,10],"6":[8,78],"7":[25,1],"8":[2,23],"9":[22,1],"10":[0,1],"11":[0,1],"12":[0,1],"13":[0,130],"14":[168,31]},"f":{"1":2,"2":21,"3":1,"4":24,"5":2,"6":1,"7":48,"8":122,"9":26,"10":130,"11":199},"fnMap":{"1":{"name":"delegateByType","line":36,"loc":{"start":{"line":36,"column":2},"end":{"line":38,"column":2}}},"2":{"name":"delegate","line":44,"loc":{"start":{"line":44,"column":2},"end":{"line":47,"column":2}}},"3":{"name":"getDelegateeByType","line":53,"loc":{"start":{"line":53,"column":2},"end":{"line":62,"column":2}}},"4":{"name":"getPowerCurrent","line":69,"loc":{"start":{"line":69,"column":2},"end":{"line":82,"column":2}}},"5":{"name":"getPowerAtBlock","line":88,"loc":{"start":{"line":88,"column":2},"end":{"line":100,"column":2}}},"6":{"name":"totalSupplyAt","line":108,"loc":{"start":{"line":108,"column":2},"end":{"line":110,"column":2}}},"7":{"name":"_delegateByType","line":117,"loc":{"start":{"line":117,"column":2},"end":{"line":134,"column":2}}},"8":{"name":"_moveDelegatesByType","line":143,"loc":{"start":{"line":143,"column":2},"end":{"line":198,"column":2}}},"9":{"name":"_searchByBlockNumber","line":207,"loc":{"start":{"line":207,"column":2},"end":{"line":245,"column":2}}},"10":{"name":"_writeSnapshot","line":270,"loc":{"start":{"line":270,"column":2},"end":{"line":292,"column":2}}},"11":{"name":"_getDelegatee","line":300,"loc":{"start":{"line":300,"column":2},"end":{"line":312,"column":2}}}},"statementMap":{"1":{"start":{"line":37,"column":4},"end":{"line":37,"column":57}},"2":{"start":{"line":45,"column":4},"end":{"line":45,"column":70}},"3":{"start":{"line":46,"column":4},"end":{"line":46,"column":75}},"4":{"start":{"line":59,"column":4},"end":{"line":59,"column":98}},"5":{"start":{"line":61,"column":4},"end":{"line":61,"column":46}},"6":{"start":{"line":75,"column":4},"end":{"line":75,"column":2467}},"7":{"start":{"line":81,"column":4},"end":{"line":81,"column":79}},"8":{"start":{"line":93,"column":4},"end":{"line":93,"column":3002}},"9":{"start":{"line":99,"column":4},"end":{"line":99,"column":78}},"10":{"start":{"line":109,"column":4},"end":{"line":109,"column":30}},"11":{"start":{"line":122,"column":4},"end":{"line":122,"column":56}},"12":{"start":{"line":124,"column":4},"end":{"line":124,"column":98}},"13":{"start":{"line":126,"column":4},"end":{"line":126,"column":51}},"14":{"start":{"line":128,"column":4},"end":{"line":128,"column":67}},"15":{"start":{"line":132,"column":4},"end":{"line":132,"column":87}},"16":{"start":{"line":133,"column":4},"end":{"line":133,"column":62}},"17":{"start":{"line":149,"column":4},"end":{"line":149,"column":5035}},"18":{"start":{"line":150,"column":6},"end":{"line":150,"column":12}},"19":{"start":{"line":153,"column":4},"end":{"line":153,"column":5122}},"20":{"start":{"line":159,"column":4},"end":{"line":159,"column":5269}},"21":{"start":{"line":160,"column":6},"end":{"line":160,"column":26}},"22":{"start":{"line":161,"column":6},"end":{"line":161,"column":56}},"23":{"start":{"line":163,"column":6},"end":{"line":163,"column":5390}},"24":{"start":{"line":169,"column":6},"end":{"line":169,"column":5553}},"25":{"start":{"line":177,"column":6},"end":{"line":177,"column":76}},"26":{"start":{"line":179,"column":4},"end":{"line":179,"column":5788}},"27":{"start":{"line":180,"column":6},"end":{"line":180,"column":26}},"28":{"start":{"line":181,"column":6},"end":{"line":181,"column":52}},"29":{"start":{"line":182,"column":6},"end":{"line":182,"column":5902}},"30":{"start":{"line":188,"column":6},"end":{"line":188,"column":6057}},"31":{"start":{"line":196,"column":6},"end":{"line":196,"column":74}},"32":{"start":{"line":213,"column":4},"end":{"line":213,"column":63}},"33":{"start":{"line":215,"column":4},"end":{"line":215,"column":50}},"34":{"start":{"line":217,"column":4},"end":{"line":217,"column":6954}},"35":{"start":{"line":218,"column":6},"end":{"line":218,"column":28}},"36":{"start":{"line":222,"column":4},"end":{"line":222,"column":7061}},"37":{"start":{"line":223,"column":6},"end":{"line":223,"column":54}},"38":{"start":{"line":227,"column":4},"end":{"line":227,"column":7238}},"39":{"start":{"line":228,"column":6},"end":{"line":228,"column":14}},"40":{"start":{"line":231,"column":4},"end":{"line":231,"column":21}},"41":{"start":{"line":232,"column":4},"end":{"line":232,"column":38}},"42":{"start":{"line":233,"column":4},"end":{"line":233,"column":7380}},"43":{"start":{"line":234,"column":6},"end":{"line":234,"column":50}},"44":{"start":{"line":235,"column":6},"end":{"line":235,"column":56}},"45":{"start":{"line":236,"column":6},"end":{"line":236,"column":7549}},"46":{"start":{"line":237,"column":8},"end":{"line":237,"column":29}},"47":{"start":{"line":238,"column":13},"end":{"line":238,"column":7636}},"48":{"start":{"line":244,"column":4},"end":{"line":244,"column":39}},"49":{"start":{"line":277,"column":4},"end":{"line":277,"column":48}},"50":{"start":{"line":279,"column":4},"end":{"line":279,"column":56}},"51":{"start":{"line":280,"column":4},"end":{"line":280,"column":74}},"52":{"start":{"line":283,"column":4},"end":{"line":283,"column":9317}},"53":{"start":{"line":305,"column":4},"end":{"line":305,"column":52}},"54":{"start":{"line":307,"column":4},"end":{"line":307,"column":10195}},"55":{"start":{"line":308,"column":6},"end":{"line":308,"column":22}},"56":{"start":{"line":311,"column":4},"end":{"line":311,"column":28}}},"branchMap":{"1":{"line":122,"type":"if","locations":[{"start":{"line":122,"column":4},"end":{"line":122,"column":4}},{"start":{"line":122,"column":4},"end":{"line":122,"column":4}}]},"2":{"line":149,"type":"if","locations":[{"start":{"line":149,"column":4},"end":{"line":149,"column":4}},{"start":{"line":149,"column":4},"end":{"line":149,"column":4}}]},"3":{"line":159,"type":"if","locations":[{"start":{"line":159,"column":4},"end":{"line":159,"column":4}},{"start":{"line":159,"column":4},"end":{"line":159,"column":4}}]},"4":{"line":163,"type":"if","locations":[{"start":{"line":163,"column":6},"end":{"line":163,"column":6}},{"start":{"line":163,"column":6},"end":{"line":163,"column":6}}]},"5":{"line":179,"type":"if","locations":[{"start":{"line":179,"column":4},"end":{"line":179,"column":4}},{"start":{"line":179,"column":4},"end":{"line":179,"column":4}}]},"6":{"line":182,"type":"if","locations":[{"start":{"line":182,"column":6},"end":{"line":182,"column":6}},{"start":{"line":182,"column":6},"end":{"line":182,"column":6}}]},"7":{"line":213,"type":"if","locations":[{"start":{"line":213,"column":4},"end":{"line":213,"column":4}},{"start":{"line":213,"column":4},"end":{"line":213,"column":4}}]},"8":{"line":217,"type":"if","locations":[{"start":{"line":217,"column":4},"end":{"line":217,"column":4}},{"start":{"line":217,"column":4},"end":{"line":217,"column":4}}]},"9":{"line":222,"type":"if","locations":[{"start":{"line":222,"column":4},"end":{"line":222,"column":4}},{"start":{"line":222,"column":4},"end":{"line":222,"column":4}}]},"10":{"line":227,"type":"if","locations":[{"start":{"line":227,"column":4},"end":{"line":227,"column":4}},{"start":{"line":227,"column":4},"end":{"line":227,"column":4}}]},"11":{"line":236,"type":"if","locations":[{"start":{"line":236,"column":6},"end":{"line":236,"column":6}},{"start":{"line":236,"column":6},"end":{"line":236,"column":6}}]},"12":{"line":238,"type":"if","locations":[{"start":{"line":238,"column":13},"end":{"line":238,"column":13}},{"start":{"line":238,"column":13},"end":{"line":238,"column":13}}]},"13":{"line":283,"type":"if","locations":[{"start":{"line":283,"column":4},"end":{"line":283,"column":4}},{"start":{"line":283,"column":4},"end":{"line":283,"column":4}}]},"14":{"line":307,"type":"if","locations":[{"start":{"line":307,"column":4},"end":{"line":307,"column":4}},{"start":{"line":307,"column":4},"end":{"line":307,"column":4}}]}}},"contracts/token/PegasysTokenV2.sol":{"l":{"65":45,"67":45,"71":45,"81":45,"82":45,"83":45,"85":45,"86":45,"94":27,"97":26,"100":26,"102":26,"110":8,"111":7,"114":5,"117":5,"119":5,"141":8,"142":7,"143":5,"144":5,"152":5,"153":3,"154":3,"161":46,"178":38,"179":38,"181":38,"188":38,"189":38,"191":38,"199":38,"200":38,"201":38,"215":169,"216":98,"218":71,"245":1,"248":1,"249":1,"250":1,"251":1,"252":1,"253":1,"273":2,"274":2,"275":2,"276":2,"277":2,"278":2,"279":2,"280":2},"path":"/Users/thomgabriel/Documents/PegasysV2/psys-token-v2/contracts/token/PegasysTokenV2.sol","s":{"1":45,"2":45,"3":27,"4":26,"5":26,"6":26,"7":8,"8":7,"9":5,"10":5,"11":5,"12":8,"13":7,"14":5,"15":5,"16":5,"17":3,"18":46,"19":38,"20":38,"21":38,"22":38,"23":38,"24":38,"25":38,"26":38,"27":38,"28":169,"29":98,"30":71,"31":1,"32":1,"33":1,"34":1,"35":1,"36":1,"37":1,"38":2,"39":2,"40":2,"41":2,"42":2,"43":2,"44":2,"45":2},"b":{"1":[45,1],"2":[26,1],"3":[26,0],"4":[7,1],"5":[5,2],"6":[5,0],"7":[7,1],"8":[5,2],"9":[3,2],"10":[38,0],"11":[98,71],"12":[1,0],"13":[1,0],"14":[1,0],"15":[2,0],"16":[2,0],"17":[2,0]},"f":{"1":45,"2":45,"3":27,"4":8,"5":8,"6":46,"7":38,"8":169,"9":1,"10":2},"fnMap":{"1":{"name":"constructor","line":54,"loc":{"start":{"line":54,"column":2},"end":{"line":54,"column":44}}},"2":{"name":"initialize","line":64,"loc":{"start":{"line":61,"column":2},"end":{"line":87,"column":2}}},"3":{"name":"deposit","line":93,"loc":{"start":{"line":93,"column":2},"end":{"line":103,"column":2}}},"4":{"name":"withdraw","line":109,"loc":{"start":{"line":109,"column":2},"end":{"line":120,"column":2}}},"5":{"name":"permit","line":132,"loc":{"start":{"line":132,"column":2},"end":{"line":155,"column":2}}},"6":{"name":"getRevision","line":160,"loc":{"start":{"line":160,"column":2},"end":{"line":162,"column":2}}},"7":{"name":"_beforeTokenTransfer","line":173,"loc":{"start":{"line":173,"column":2},"end":{"line":203,"column":2}}},"8":{"name":"_getDelegationDataByType","line":205,"loc":{"start":{"line":205,"column":2},"end":{"line":224,"column":2}}},"9":{"name":"delegateByTypeBySig","line":236,"loc":{"start":{"line":236,"column":2},"end":{"line":254,"column":2}}},"10":{"name":"delegateBySig","line":265,"loc":{"start":{"line":265,"column":2},"end":{"line":281,"column":2}}}},"statementMap":{"1":{"start":{"line":65,"column":4},"end":{"line":65,"column":19}},"2":{"start":{"line":83,"column":4},"end":{"line":83,"column":27}},"3":{"start":{"line":94,"column":4},"end":{"line":94,"column":40}},"4":{"start":{"line":97,"column":4},"end":{"line":97,"column":92}},"5":{"start":{"line":100,"column":4},"end":{"line":100,"column":28}},"6":{"start":{"line":102,"column":4},"end":{"line":102,"column":36}},"7":{"start":{"line":110,"column":4},"end":{"line":110,"column":40}},"8":{"start":{"line":111,"column":4},"end":{"line":111,"column":67}},"9":{"start":{"line":114,"column":4},"end":{"line":114,"column":28}},"10":{"start":{"line":117,"column":4},"end":{"line":117,"column":73}},"11":{"start":{"line":119,"column":4},"end":{"line":119,"column":37}},"12":{"start":{"line":141,"column":4},"end":{"line":141,"column":48}},"13":{"start":{"line":142,"column":4},"end":{"line":142,"column":61}},"14":{"start":{"line":143,"column":4},"end":{"line":143,"column":46}},"15":{"start":{"line":144,"column":4},"end":{"line":144,"column":4658}},"16":{"start":{"line":152,"column":4},"end":{"line":152,"column":68}},"17":{"start":{"line":154,"column":4},"end":{"line":154,"column":34}},"18":{"start":{"line":161,"column":4},"end":{"line":161,"column":19}},"19":{"start":{"line":178,"column":4},"end":{"line":178,"column":71}},"20":{"start":{"line":179,"column":4},"end":{"line":179,"column":67}},"21":{"start":{"line":181,"column":4},"end":{"line":181,"column":5806}},"22":{"start":{"line":188,"column":4},"end":{"line":188,"column":84}},"23":{"start":{"line":189,"column":4},"end":{"line":189,"column":80}},"24":{"start":{"line":191,"column":4},"end":{"line":191,"column":6109}},"25":{"start":{"line":199,"column":4},"end":{"line":199,"column":49}},"26":{"start":{"line":200,"column":4},"end":{"line":200,"column":6373}},"27":{"start":{"line":201,"column":6},"end":{"line":201,"column":44}},"28":{"start":{"line":215,"column":4},"end":{"line":215,"column":6796}},"29":{"start":{"line":216,"column":6},"end":{"line":216,"column":73}},"30":{"start":{"line":218,"column":6},"end":{"line":218,"column":6946}},"31":{"start":{"line":245,"column":4},"end":{"line":245,"column":7754}},"32":{"start":{"line":248,"column":4},"end":{"line":248,"column":90}},"33":{"start":{"line":249,"column":4},"end":{"line":249,"column":50}},"34":{"start":{"line":250,"column":4},"end":{"line":250,"column":56}},"35":{"start":{"line":251,"column":4},"end":{"line":251,"column":58}},"36":{"start":{"line":252,"column":4},"end":{"line":252,"column":59}},"37":{"start":{"line":253,"column":4},"end":{"line":253,"column":56}},"38":{"start":{"line":273,"column":4},"end":{"line":273,"column":91}},"39":{"start":{"line":274,"column":4},"end":{"line":274,"column":90}},"40":{"start":{"line":275,"column":4},"end":{"line":275,"column":50}},"41":{"start":{"line":276,"column":4},"end":{"line":276,"column":56}},"42":{"start":{"line":277,"column":4},"end":{"line":277,"column":58}},"43":{"start":{"line":278,"column":4},"end":{"line":278,"column":59}},"44":{"start":{"line":279,"column":4},"end":{"line":279,"column":69}},"45":{"start":{"line":280,"column":4},"end":{"line":280,"column":74}}},"branchMap":{"1":{"line":64,"type":"if","locations":[{"start":{"line":64,"column":13},"end":{"line":64,"column":13}},{"start":{"line":64,"column":13},"end":{"line":64,"column":13}}]},"2":{"line":94,"type":"if","locations":[{"start":{"line":94,"column":4},"end":{"line":94,"column":4}},{"start":{"line":94,"column":4},"end":{"line":94,"column":4}}]},"3":{"line":97,"type":"if","locations":[{"start":{"line":97,"column":4},"end":{"line":97,"column":4}},{"start":{"line":97,"column":4},"end":{"line":97,"column":4}}]},"4":{"line":110,"type":"if","locations":[{"start":{"line":110,"column":4},"end":{"line":110,"column":4}},{"start":{"line":110,"column":4},"end":{"line":110,"column":4}}]},"5":{"line":111,"type":"if","locations":[{"start":{"line":111,"column":4},"end":{"line":111,"column":4}},{"start":{"line":111,"column":4},"end":{"line":111,"column":4}}]},"6":{"line":117,"type":"if","locations":[{"start":{"line":117,"column":4},"end":{"line":117,"column":4}},{"start":{"line":117,"column":4},"end":{"line":117,"column":4}}]},"7":{"line":141,"type":"if","locations":[{"start":{"line":141,"column":4},"end":{"line":141,"column":4}},{"start":{"line":141,"column":4},"end":{"line":141,"column":4}}]},"8":{"line":142,"type":"if","locations":[{"start":{"line":142,"column":4},"end":{"line":142,"column":4}},{"start":{"line":142,"column":4},"end":{"line":142,"column":4}}]},"9":{"line":152,"type":"if","locations":[{"start":{"line":152,"column":4},"end":{"line":152,"column":4}},{"start":{"line":152,"column":4},"end":{"line":152,"column":4}}]},"10":{"line":200,"type":"if","locations":[{"start":{"line":200,"column":4},"end":{"line":200,"column":4}},{"start":{"line":200,"column":4},"end":{"line":200,"column":4}}]},"11":{"line":215,"type":"if","locations":[{"start":{"line":215,"column":4},"end":{"line":215,"column":4}},{"start":{"line":215,"column":4},"end":{"line":215,"column":4}}]},"12":{"line":250,"type":"if","locations":[{"start":{"line":250,"column":4},"end":{"line":250,"column":4}},{"start":{"line":250,"column":4},"end":{"line":250,"column":4}}]},"13":{"line":251,"type":"if","locations":[{"start":{"line":251,"column":4},"end":{"line":251,"column":4}},{"start":{"line":251,"column":4},"end":{"line":251,"column":4}}]},"14":{"line":252,"type":"if","locations":[{"start":{"line":252,"column":4},"end":{"line":252,"column":4}},{"start":{"line":252,"column":4},"end":{"line":252,"column":4}}]},"15":{"line":276,"type":"if","locations":[{"start":{"line":276,"column":4},"end":{"line":276,"column":4}},{"start":{"line":276,"column":4},"end":{"line":276,"column":4}}]},"16":{"line":277,"type":"if","locations":[{"start":{"line":277,"column":4},"end":{"line":277,"column":4}},{"start":{"line":277,"column":4},"end":{"line":277,"column":4}}]},"17":{"line":278,"type":"if","locations":[{"start":{"line":278,"column":4},"end":{"line":278,"column":4}},{"start":{"line":278,"column":4},"end":{"line":278,"column":4}}]}}},"contracts/utils/MintableErc20.sol":{"l":{"12":45,"20":53,"21":53},"path":"/Users/thomgabriel/Documents/PegasysV2/psys-token-v2/contracts/utils/MintableErc20.sol","s":{"1":45,"2":53,"3":53},"b":{},"f":{"1":45,"2":53},"fnMap":{"1":{"name":"constructor","line":11,"loc":{"start":{"line":11,"column":4},"end":{"line":13,"column":4}}},"2":{"name":"mint","line":19,"loc":{"start":{"line":19,"column":4},"end":{"line":22,"column":4}}}},"statementMap":{"1":{"start":{"line":12,"column":8},"end":{"line":12,"column":31}},"2":{"start":{"line":20,"column":8},"end":{"line":20,"column":31}},"3":{"start":{"line":21,"column":8},"end":{"line":21,"column":19}}},"branchMap":{}},"contracts/utils/MockTransferHook.sol":{"l":{"10":39},"path":"/Users/thomgabriel/Documents/PegasysV2/psys-token-v2/contracts/utils/MockTransferHook.sol","s":{"1":39},"b":{},"f":{"1":39},"fnMap":{"1":{"name":"onTransfer","line":9,"loc":{"start":{"line":9,"column":4},"end":{"line":11,"column":4}}}},"statementMap":{"1":{"start":{"line":10,"column":8},"end":{"line":10,"column":28}}},"branchMap":{}},"contracts/utils/VersionedInitializable.sol":{"l":{"28":46,"29":46,"31":45,"33":45},"path":"/Users/thomgabriel/Documents/PegasysV2/psys-token-v2/contracts/utils/VersionedInitializable.sol","s":{"1":46,"2":46},"b":{"1":[45,1]},"f":{"1":46},"fnMap":{"1":{"name":"initializer","line":27,"loc":{"start":{"line":27,"column":4},"end":{"line":35,"column":4}}}},"statementMap":{"1":{"start":{"line":28,"column":8},"end":{"line":28,"column":40}},"2":{"start":{"line":29,"column":8},"end":{"line":29,"column":100}}},"branchMap":{"1":{"line":29,"type":"if","locations":[{"start":{"line":29,"column":8},"end":{"line":29,"column":8}},{"start":{"line":29,"column":8},"end":{"line":29,"column":8}}]}}}}